AORMS/app/build/intermediates/manifest_merge_blame_file/debug/manifest-merger-blame-debug-report.txt
1<?xml version="1.0" encoding="utf-8"?>
2<manifest xmlns:android="http://schemas.android.com/apk/res/android"
3    xmlns:dist="http://schemas.android.com/apk/distribution"
4    package="com.example.aorms"
5    android:versionCode="1"
6    android:versionName="1.0" >
7
8    <uses-sdk
9        android:minSdkVersion="15"
9-->src\main\AndroidManifest.xml
10        android:targetSdkVersion="29" />
10-->src\main\AndroidManifest.xml
11
12    <dist:module dist:instant="true" />
12-->src\main\AndroidManifest.xml:7:5-40
12-->src\main\AndroidManifest.xml:7:18-37
13
14    <uses-permission android:name="android.permission.ACCESS_NETWORK_STATE" />
14-->[com.google.firebase:firebase-database:16.0.4] AndroidManifest.xml:22:5-79
14-->[com.google.firebase:firebase-database:16.0.4] AndroidManifest.xml:22:22-76
15    <uses-permission android:name="android.permission.INTERNET" />
15-->[com.google.firebase:firebase-database:16.0.4] AndroidManifest.xml:23:5-67
15-->[com.google.firebase:firebase-database:16.0.4] AndroidManifest.xml:23:22-64
16
17    <application
17-->src\main\AndroidManifest.xml:9:5-94:19
18        android:allowBackup="true"
18-->src\main\AndroidManifest.xml:10:9-35
19        android:appComponentFactory="androidx.core.app.CoreComponentFactory"
19-->[androidx.core:core:1.1.0] AndroidManifest.xml:24:18-86
20        android:debuggable="true"
21        android:icon="@mipmap/ic_launcher"
21-->src\main\AndroidManifest.xml:11:9-43
22        android:label=""
22-->src\main\AndroidManifest.xml:12:9-25
23        android:roundIcon="@mipmap/ic_launcher_round"
23-->src\main\AndroidManifest.xml:13:9-54
24        android:supportsRtl="true"
24-->src\main\AndroidManifest.xml:14:9-35
25        android:theme="@style/AppTheme" >
25-->src\main\AndroidManifest.xml:15:9-40
26        <activity
26-->src\main\AndroidManifest.xml:17:9-23:20
27            android:name="com.example.aorms.Main2Activity"
27-->src\main\AndroidManifest.xml:18:13-42
28            android:label="@string/title_activity_main2"
28-->src\main\AndroidManifest.xml:19:13-57
29            android:screenOrientation="landscape"
29-->src\main\AndroidManifest.xml:20:13-50
30            android:theme="@style/AppTheme.NoActionBar" >
30-->src\main\AndroidManifest.xml:21:13-56
31        </activity>
32        <activity
32-->src\main\AndroidManifest.xml:24:9-25:52
33            android:name="com.example.aorms.HM_assignWaiterActivity"
33-->src\main\AndroidManifest.xml:24:19-58
34            android:screenOrientation="landscape" />
34-->src\main\AndroidManifest.xml:25:13-50
35        <activity
35-->src\main\AndroidManifest.xml:26:9-27:52
36            android:name="com.example.aorms.HM_assigntableActivity"
36-->src\main\AndroidManifest.xml:26:19-57
37            android:screenOrientation="landscape" />
37-->src\main\AndroidManifest.xml:27:13-50
38        <activity android:name="com.example.aorms.PaymentActivity" />
38-->src\main\AndroidManifest.xml:28:9-53
38-->src\main\AndroidManifest.xml:28:19-50
39        <activity
39-->src\main\AndroidManifest.xml:29:9-30:52
40            android:name="com.example.aorms.AssignWaiterActivity"
40-->src\main\AndroidManifest.xml:29:19-55
41            android:screenOrientation="landscape" />
41-->src\main\AndroidManifest.xml:30:13-50
42        <activity
42-->src\main\AndroidManifest.xml:31:9-32:52
43            android:name="com.example.aorms.ThresholdActivity"
43-->src\main\AndroidManifest.xml:31:19-52
44            android:screenOrientation="landscape" />
44-->src\main\AndroidManifest.xml:32:13-50
45        <activity
45-->src\main\AndroidManifest.xml:33:9-34:52
46            android:name="com.example.aorms.NotificationActivity"
46-->src\main\AndroidManifest.xml:33:19-55
47            android:screenOrientation="landscape" />
47-->src\main\AndroidManifest.xml:34:13-50
48        <activity
48-->src\main\AndroidManifest.xml:35:9-36:52
49            android:name="com.example.aorms.LoginActivity"
49-->src\main\AndroidManifest.xml:35:19-48
50            android:screenOrientation="landscape" />
50-->src\main\AndroidManifest.xml:36:13-50
51        <activity
51-->src\main\AndroidManifest.xml:37:9-40:41
52            android:name="com.example.aorms.ChefListActivity"
52-->src\main\AndroidManifest.xml:38:13-45
53            android:label="Chef List"
53-->src\main\AndroidManifest.xml:40:13-38
54            android:screenOrientation="landscape" />
54-->src\main\AndroidManifest.xml:39:13-50
55        <activity
55-->src\main\AndroidManifest.xml:42:9-45:72
56            android:name="com.example.aorms.Report"
56-->src\main\AndroidManifest.xml:43:13-35
57            android:screenOrientation="landscape"
57-->src\main\AndroidManifest.xml:44:13-50
58            android:theme="@style/Theme.AppCompat.Light.NoActionBar" />
58-->src\main\AndroidManifest.xml:45:13-69
59        <activity
59-->src\main\AndroidManifest.xml:46:9-47:52
60            android:name="com.example.aorms.ChefQueActivity"
60-->src\main\AndroidManifest.xml:46:19-50
61            android:screenOrientation="landscape" />
61-->src\main\AndroidManifest.xml:47:13-50
62        <activity
62-->src\main\AndroidManifest.xml:48:9-49:52
63            android:name="com.example.aorms.Addinventory"
63-->src\main\AndroidManifest.xml:48:19-47
64            android:screenOrientation="landscape" />
64-->src\main\AndroidManifest.xml:49:13-50
65        <activity
65-->src\main\AndroidManifest.xml:50:9-51:52
66            android:name="com.example.aorms.Pakistani"
66-->src\main\AndroidManifest.xml:50:19-44
67            android:screenOrientation="landscape" />
67-->src\main\AndroidManifest.xml:51:13-50
68        <activity
68-->src\main\AndroidManifest.xml:52:9-53:52
69            android:name="com.example.aorms.AddUser"
69-->src\main\AndroidManifest.xml:52:19-42
70            android:screenOrientation="landscape" />
70-->src\main\AndroidManifest.xml:53:13-50
71        <activity
71-->src\main\AndroidManifest.xml:54:9-61:20
72            android:name="com.example.aorms.Login"
72-->src\main\AndroidManifest.xml:54:19-40
73            android:screenOrientation="landscape" >
73-->src\main\AndroidManifest.xml:55:13-50
74            <intent-filter>
74-->src\main\AndroidManifest.xml:56:9-60:25
75                <action android:name="android.intent.action.MAIN" />
75-->src\main\AndroidManifest.xml:57:13-65
75-->src\main\AndroidManifest.xml:57:21-62
76
77                <category android:name="android.intent.category.LAUNCHER" />
77-->src\main\AndroidManifest.xml:59:13-73
77-->src\main\AndroidManifest.xml:59:23-70
78            </intent-filter>
79        </activity>
80        <activity
80-->src\main\AndroidManifest.xml:62:9-63:52
81            android:name="com.example.aorms.Adder"
81-->src\main\AndroidManifest.xml:62:19-40
82            android:screenOrientation="landscape" />
82-->src\main\AndroidManifest.xml:63:13-50
83        <activity
83-->src\main\AndroidManifest.xml:64:9-67:53
84            android:name="com.example.aorms.HMSpecialOrderActivity"
84-->src\main\AndroidManifest.xml:65:13-51
85            android:label="Hall Manager"
85-->src\main\AndroidManifest.xml:66:13-41
86            android:screenOrientation="landscape" />
86-->src\main\AndroidManifest.xml:67:13-50
87        <activity
87-->src\main\AndroidManifest.xml:68:9-71:53
88            android:name="com.example.aorms.KM_Recycle_Page"
88-->src\main\AndroidManifest.xml:69:13-44
89            android:label="Kitchen Manager"
89-->src\main\AndroidManifest.xml:70:13-44
90            android:screenOrientation="landscape" />
90-->src\main\AndroidManifest.xml:71:13-50
91        <activity
91-->src\main\AndroidManifest.xml:72:9-75:53
92            android:name="com.example.aorms.HM_Recycle_Page"
92-->src\main\AndroidManifest.xml:73:13-44
93            android:label="Hall Manager"
93-->src\main\AndroidManifest.xml:74:13-41
94            android:screenOrientation="landscape" />
94-->src\main\AndroidManifest.xml:75:13-50
95        <activity
95-->src\main\AndroidManifest.xml:76:9-79:53
96            android:name="com.example.aorms.KMSpecialOrderActivity"
96-->src\main\AndroidManifest.xml:77:13-51
97            android:label="Kitchen Manager"
97-->src\main\AndroidManifest.xml:78:13-44
98            android:screenOrientation="landscape" />
98-->src\main\AndroidManifest.xml:79:13-50
99        <activity
99-->src\main\AndroidManifest.xml:80:9-83:53
100            android:name="com.example.aorms.HM_DishSelect"
100-->src\main\AndroidManifest.xml:81:13-42
101            android:label="Hall Manager"
101-->src\main\AndroidManifest.xml:82:13-41
102            android:screenOrientation="landscape" />
102-->src\main\AndroidManifest.xml:83:13-50
103        <activity
103-->src\main\AndroidManifest.xml:84:9-87:53
104            android:name="com.example.aorms.KM_DishSelect"
104-->src\main\AndroidManifest.xml:85:13-42
105            android:label="Kitchen Manager"
105-->src\main\AndroidManifest.xml:86:13-44
106            android:screenOrientation="landscape" />
106-->src\main\AndroidManifest.xml:87:13-50
107        <activity
107-->src\main\AndroidManifest.xml:89:9-90:52
108            android:name="com.example.aorms.AddIngrediante"
108-->src\main\AndroidManifest.xml:89:19-49
109            android:screenOrientation="landscape" />
109-->src\main\AndroidManifest.xml:90:13-50
110        <activity
110-->src\main\AndroidManifest.xml:91:9-93:20
111            android:name="com.example.aorms.MainActivity"
111-->src\main\AndroidManifest.xml:91:19-47
112            android:screenOrientation="landscape" >
112-->src\main\AndroidManifest.xml:92:13-50
113        </activity>
114        <activity
114-->[com.google.android.gms:play-services-base:16.0.1] AndroidManifest.xml:23:9-26:75
115            android:name="com.google.android.gms.common.api.GoogleApiActivity"
115-->[com.google.android.gms:play-services-base:16.0.1] AndroidManifest.xml:24:13-79
116            android:exported="false"
116-->[com.google.android.gms:play-services-base:16.0.1] AndroidManifest.xml:25:13-37
117            android:theme="@android:style/Theme.Translucent.NoTitleBar" />
117-->[com.google.android.gms:play-services-base:16.0.1] AndroidManifest.xml:26:13-72
118
119        <provider
119-->[com.google.firebase:firebase-common:16.0.3] AndroidManifest.xml:10:9-14:39
120            android:name="com.google.firebase.provider.FirebaseInitProvider"
120-->[com.google.firebase:firebase-common:16.0.3] AndroidManifest.xml:11:13-77
121            android:authorities="com.example.aorms.firebaseinitprovider"
121-->[com.google.firebase:firebase-common:16.0.3] AndroidManifest.xml:12:13-72
122            android:exported="false"
122-->[com.google.firebase:firebase-common:16.0.3] AndroidManifest.xml:13:13-37
123            android:initOrder="100" />
123-->[com.google.firebase:firebase-common:16.0.3] AndroidManifest.xml:14:13-36
124
125        <meta-data
125-->[com.google.android.gms:play-services-basement:16.0.1] AndroidManifest.xml:23:9-25:69
126            android:name="com.google.android.gms.version"
126-->[com.google.android.gms:play-services-basement:16.0.1] AndroidManifest.xml:24:13-58
127            android:value="@integer/google_play_services_version" />
127-->[com.google.android.gms:play-services-basement:16.0.1] AndroidManifest.xml:25:13-66
128
129        <provider
129-->[androidx.lifecycle:lifecycle-process:2.1.0] AndroidManifest.xml:23:9-27:43
130            android:name="androidx.lifecycle.ProcessLifecycleOwnerInitializer"
130-->[androidx.lifecycle:lifecycle-process:2.1.0] AndroidManifest.xml:24:13-79
131            android:authorities="com.example.aorms.lifecycle-process"
131-->[androidx.lifecycle:lifecycle-process:2.1.0] AndroidManifest.xml:25:13-69
132            android:exported="false"
132-->[androidx.lifecycle:lifecycle-process:2.1.0] AndroidManifest.xml:26:13-37
133            android:multiprocess="true" />
133-->[androidx.lifecycle:lifecycle-process:2.1.0] AndroidManifest.xml:27:13-40
134    </application>
135
136</manifest>